============================================================
BENCHMARK GPU - ONNX Runtime (meme postprocess que OAK)
============================================================
Modele: /home/nathan/Documents/GitHub/3d_edge_object_detection/models/variants/yolo11m_256_fp16.onnx
Taille: 38.42 MB
ImgSz: 256
ORT Opt Level: DISABLE
Provider: CUDAExecutionProvider
All providers: CUDAExecutionProvider,CPUExecutionProvider
Input dtype: float16

Chargement du dataset COCO128...
[Dataset] coco128/train2017 (equite multi-hardware)
[Dataset] Chemin images: /home/nathan/Documents/education/master_2/cours/deep_learning_for_image/TP6/datasets/coco128/images/train2017
[Dataset] Chemin labels: /home/nathan/Documents/education/master_2/cours/deep_learning_for_image/TP6/datasets/coco128/labels/train2017
[Dataset] Images trouvees: 128 (attendu: 128)
Warmup (10 frames)...

Inference...
  [Sanity-check] Output shape: (1, 84, 1344), min=0.0000, max=360.2500
  20/128 images...
  40/128 images...
  60/128 images...
  80/128 images...
  100/128 images...
  120/128 images...

Calcul des metriques...

----------------------------------------
RESULTATS GPU (ONNX Runtime)
----------------------------------------
Taille modele       : 38.42 MB
ImgSz               : 256
Temps E2E moyen     : 4.58 ms
  Preprocess        : 0.43 ms
  Inference         : 3.36 ms
  Postprocess       : 0.78 ms
Latence p50/p90/p99 : 4.41 / 5.36 / 6.62 ms
FPS                 : 218.5
mAP50               : 0.6793
Precision           : 0.8277
Recall              : 0.4704
F1-Score            : 0.5999

Resultats sauvegardes dans: /home/nathan/Documents/GitHub/3d_edge_object_detection/benchmark_results.csv
CMD: /home/nathan/miniconda3/envs/oak/bin/python /home/nathan/Documents/GitHub/3d_edge_object_detection/scripts/benchmark.py --target 4070 --backend ort --model /home/nathan/Documents/GitHub/3d_edge_object_detection/models/variants/yolo11m_256_fp16.onnx --dataset coco128 --num-classes 80 --ort-opt-level disable
================================================================================

================================================================================
RETURN_CODE: 0
