============================================================
BENCHMARK GPU - ONNX Runtime (meme postprocess que OAK)
============================================================
Modele: /home/nathan/Documents/GitHub/3d_edge_object_detection/models/variants/yolo11s_320_fp16.onnx
Taille: 18.10 MB
ImgSz: 320
ORT Opt Level: BASIC
Provider: CUDAExecutionProvider
All providers: CUDAExecutionProvider,CPUExecutionProvider
Input dtype: float16

Chargement du dataset COCO128...
[Dataset] coco128/train2017 (equite multi-hardware)
[Dataset] Chemin images: /home/nathan/Documents/education/master_2/cours/deep_learning_for_image/TP6/datasets/coco128/images/train2017
[Dataset] Chemin labels: /home/nathan/Documents/education/master_2/cours/deep_learning_for_image/TP6/datasets/coco128/labels/train2017
[Dataset] Images trouvees: 128 (attendu: 128)
Warmup (10 frames)...

Inference...
  [Sanity-check] Output shape: (1, 84, 2100), min=0.0000, max=364.7500
  20/128 images...
  40/128 images...
  60/128 images...
  80/128 images...
  100/128 images...
  120/128 images...

Calcul des metriques...

----------------------------------------
RESULTATS GPU (ONNX Runtime)
----------------------------------------
Taille modele       : 18.10 MB
ImgSz               : 320
Temps E2E moyen     : 5.21 ms
  Preprocess        : 0.67 ms
  Inference         : 3.35 ms
  Postprocess       : 1.18 ms
Latence p50/p90/p99 : 4.82 / 6.62 / 8.52 ms
FPS                 : 191.9
mAP50               : 0.6509
Precision           : 0.7650
Recall              : 0.4941
F1-Score            : 0.6004

Resultats sauvegardes dans: /home/nathan/Documents/GitHub/3d_edge_object_detection/benchmark_results.csv
CMD: /home/nathan/miniconda3/envs/oak/bin/python /home/nathan/Documents/GitHub/3d_edge_object_detection/scripts/benchmark.py --target 4070 --backend ort --model /home/nathan/Documents/GitHub/3d_edge_object_detection/models/variants/yolo11s_320_fp16.onnx --dataset coco128 --num-classes 80 --ort-opt-level basic
================================================================================

================================================================================
RETURN_CODE: 0
