============================================================
BENCHMARK GPU - ONNX Runtime (meme postprocess que OAK)
============================================================
Modele: /home/nathan/Documents/GitHub/3d_edge_object_detection/models/variants/yolo11s_320_fp32.onnx
Taille: 36.13 MB
ImgSz: 320
ORT Opt Level: BASIC
Provider: CUDAExecutionProvider
All providers: CUDAExecutionProvider,CPUExecutionProvider
Input dtype: float32

Chargement du dataset COCO128...
[Dataset] coco128/train2017 (equite multi-hardware)
[Dataset] Chemin images: /home/nathan/Documents/education/master_2/cours/deep_learning_for_image/TP6/datasets/coco128/images/train2017
[Dataset] Chemin labels: /home/nathan/Documents/education/master_2/cours/deep_learning_for_image/TP6/datasets/coco128/labels/train2017
[Dataset] Images trouvees: 128 (attendu: 128)
Warmup (10 frames)...

Inference...
  [Sanity-check] Output shape: (1, 84, 2100), min=0.0000, max=364.2725
  20/128 images...
  40/128 images...
  60/128 images...
  80/128 images...
  100/128 images...
  120/128 images...

Calcul des metriques...

----------------------------------------
RESULTATS GPU (ONNX Runtime)
----------------------------------------
Taille modele       : 36.13 MB
ImgSz               : 320
Temps E2E moyen     : 4.29 ms
  Preprocess        : 0.24 ms
  Inference         : 2.86 ms
  Postprocess       : 1.19 ms
Latence p50/p90/p99 : 3.98 / 5.50 / 7.35 ms
FPS                 : 233.2
mAP50               : 0.6485
Precision           : 0.7671
Recall              : 0.4962
F1-Score            : 0.6026

Resultats sauvegardes dans: /home/nathan/Documents/GitHub/3d_edge_object_detection/benchmark_results.csv
CMD: /home/nathan/miniconda3/envs/oak/bin/python /home/nathan/Documents/GitHub/3d_edge_object_detection/scripts/benchmark.py --target 4070 --backend ort --model /home/nathan/Documents/GitHub/3d_edge_object_detection/models/variants/yolo11s_320_fp32.onnx --dataset coco128 --num-classes 80 --ort-opt-level basic
================================================================================

================================================================================
RETURN_CODE: 0
