============================================================
BENCHMARK GPU - ONNX Runtime (meme postprocess que OAK)
============================================================
Modele: /home/nathan/Documents/GitHub/3d_edge_object_detection/models/variants/yolo11s_512_fp16.onnx
Taille: 18.13 MB
ImgSz: 512
ORT Opt Level: ALL
Provider: CUDAExecutionProvider
All providers: CUDAExecutionProvider,CPUExecutionProvider
Input dtype: float16

Chargement du dataset COCO128...
[Dataset] coco128/train2017 (equite multi-hardware)
[Dataset] Chemin images: /home/nathan/Documents/education/master_2/cours/deep_learning_for_image/TP6/datasets/coco128/images/train2017
[Dataset] Chemin labels: /home/nathan/Documents/education/master_2/cours/deep_learning_for_image/TP6/datasets/coco128/labels/train2017
[Dataset] Images trouvees: 128 (attendu: 128)
Warmup (10 frames)...

Inference...
  [Sanity-check] Output shape: (1, 84, 5376), min=-0.3008, max=538.0000
  20/128 images...
  40/128 images...
  60/128 images...
  80/128 images...
  100/128 images...
  120/128 images...

Calcul des metriques...

----------------------------------------
RESULTATS GPU (ONNX Runtime)
----------------------------------------
Taille modele       : 18.13 MB
ImgSz               : 512
Temps E2E moyen     : 8.74 ms
  Preprocess        : 1.72 ms
  Inference         : 5.19 ms
  Postprocess       : 1.82 ms
Latence p50/p90/p99 : 8.24 / 10.54 / 13.98 ms
FPS                 : 114.5
mAP50               : 0.7308
Precision           : 0.7857
Recall              : 0.5920
F1-Score            : 0.6753

Resultats sauvegardes dans: /home/nathan/Documents/GitHub/3d_edge_object_detection/benchmark_results.csv
CMD: /home/nathan/miniconda3/envs/oak/bin/python /home/nathan/Documents/GitHub/3d_edge_object_detection/scripts/benchmark.py --target 4070 --backend ort --model /home/nathan/Documents/GitHub/3d_edge_object_detection/models/variants/yolo11s_512_fp16.onnx --dataset coco128 --num-classes 80 --ort-opt-level all
================================================================================

================================================================================
RETURN_CODE: 0
