[1;31m2025-12-31 00:16:49.549590635 [E:onnxruntime:Default, provider_bridge_ort.cc:2223 TryGetProviderInfo_TensorRT] /onnxruntime_src/onnxruntime/core/session/provider_bridge_ort.cc:1844 onnxruntime::Provider& onnxruntime::ProviderLibrary::Get() [ONNXRuntimeError] : 1 : FAIL : Failed to load library libonnxruntime_providers_tensorrt.so with error: libnvinfer.so.10: cannot open shared object file: No such file or directory
[m
============================================================
BENCHMARK GPU - ONNX Runtime (meme postprocess que OAK)
============================================================
Modele: /home/nathan/Documents/GitHub/3d_edge_object_detection/models/transformed/yolo11m_512_fp32_int8_qdq_s8s8.onnx
Taille: 20.04 MB
ImgSz: 512
  [Detected] Modele INT8 QDQ
ORT Opt Level: DISABLE
  [INT8 QDQ] Using TensorRT EP (cache: /home/nathan/Documents/GitHub/3d_edge_object_detection/models/transformed/.trt_cache)
*************** EP Error ***************
EP Error /onnxruntime_src/onnxruntime/python/onnxruntime_pybind_state.cc:560 void onnxruntime::python::RegisterTensorRTPluginsAsCustomOps(PySessionOptions&, const onnxruntime::ProviderOptions&) Please install TensorRT libraries as mentioned in the GPU requirements page, make sure they're in the PATH or LD_LIBRARY_PATH, and that your GPU is supported.
 when using [('TensorrtExecutionProvider', {'trt_fp16_enable': True, 'trt_int8_enable': True, 'trt_engine_cache_enable': True, 'trt_engine_cache_path': '/home/nathan/Documents/GitHub/3d_edge_object_detection/models/transformed/.trt_cache', 'trt_timing_cache_enable': True}), 'CUDAExecutionProvider', 'CPUExecutionProvider']
Falling back to ['CPUExecutionProvider'] and retrying.
****************************************
Provider: CPUExecutionProvider
All providers: CPUExecutionProvider
  [WARNING] INT8 QDQ sans TensorRT EP -> acceleration peut etre limitee
Input dtype: float32

Chargement du dataset COCO128...
[Dataset] coco128/train2017 (equite multi-hardware)
[Dataset] Chemin images: /home/nathan/Documents/education/master_2/cours/deep_learning_for_image/TP6/datasets/coco128/images/train2017
[Dataset] Chemin labels: /home/nathan/Documents/education/master_2/cours/deep_learning_for_image/TP6/datasets/coco128/labels/train2017
[Dataset] Images trouvees: 128 (attendu: 128)
Warmup (10 frames)...

Inference...
  [Sanity-check] Output shape: (1, 84, 5376), min=0.0000, max=531.1286
  20/128 images...
  40/128 images...
  60/128 images...
  80/128 images...
  100/128 images...
  120/128 images...

Calcul des metriques...

----------------------------------------
RESULTATS GPU (ONNX Runtime)
----------------------------------------
Taille modele       : 20.04 MB
ImgSz               : 512
Temps E2E moyen     : 183.83 ms
  Preprocess        : 1.28 ms
  Inference         : 181.60 ms
  Postprocess       : 0.95 ms
Latence p50/p90/p99 : 182.09 / 188.42 / 224.18 ms
FPS                 : 5.4
mAP50               : 0.0000
Precision           : 0.0000
Recall              : 0.0000
F1-Score            : 0.0000

Resultats sauvegardes dans: /home/nathan/Documents/GitHub/3d_edge_object_detection/benchmark_results.csv
CMD: /home/nathan/miniconda3/envs/oak/bin/python /home/nathan/Documents/GitHub/3d_edge_object_detection/scripts/benchmark.py --target 4070 --backend ort --model /home/nathan/Documents/GitHub/3d_edge_object_detection/models/transformed/yolo11m_512_fp32_int8_qdq_s8s8.onnx --dataset coco128 --num-classes 80 --ort-opt-level disable
================================================================================

================================================================================
RETURN_CODE: 0
