============================================================
BENCHMARK GPU - ONNX Runtime (meme postprocess que OAK)
============================================================
Modele: /home/nathan/Documents/GitHub/3d_edge_object_detection/models/variants/yolo11m_512_fp32.onnx
Taille: 76.83 MB
ImgSz: 512
ORT Opt Level: ALL
Provider: CUDAExecutionProvider
Input dtype: float32

Chargement du dataset COCO128...
[Dataset] coco128/train2017 (equite multi-hardware)
[Dataset] Chemin images: /home/nathan/Documents/education/master_2/cours/deep_learning_for_image/TP6/datasets/coco128/images/train2017
[Dataset] Chemin labels: /home/nathan/Documents/education/master_2/cours/deep_learning_for_image/TP6/datasets/coco128/labels/train2017
[Dataset] Images trouvees: 128 (attendu: 128)
Warmup (10 frames)...

Inference...
  [Sanity-check] Output shape: (1, 84, 5376), min=-5.3841, max=541.3199
  20/128 images...
  40/128 images...
  60/128 images...
  80/128 images...
  100/128 images...
  120/128 images...

Calcul des metriques...

----------------------------------------
RESULTATS GPU (ONNX Runtime)
----------------------------------------
Taille modele       : 76.83 MB
ImgSz               : 512
Temps E2E moyen     : 9.08 ms
  Preprocess        : 0.62 ms
  Inference         : 6.93 ms
  Postprocess       : 1.53 ms
Latence p50/p90/p99 : 8.59 / 11.24 / 12.96 ms
FPS                 : 110.1
mAP50               : 0.7783
Precision           : 0.8093
Recall              : 0.6211
F1-Score            : 0.7028

Resultats sauvegardes dans: /home/nathan/Documents/GitHub/3d_edge_object_detection/benchmark_results.csv
CMD: /home/nathan/miniconda3/envs/oak/bin/python /home/nathan/Documents/GitHub/3d_edge_object_detection/scripts/benchmark.py --target 4070 --backend ort --model /home/nathan/Documents/GitHub/3d_edge_object_detection/models/variants/yolo11m_512_fp32.onnx --dataset coco128 --num-classes 80 --ort-opt-level all
================================================================================

================================================================================
RETURN_CODE: 0
