============================================================
BENCHMARK GPU - ONNX Runtime (meme postprocess que OAK)
============================================================
Modele: /home/nathan/Documents/GitHub/3d_edge_object_detection/models/variants/yolo11s_256_fp32.onnx
Taille: 36.12 MB
ImgSz: 256
ORT Opt Level: DISABLE
Provider: CUDAExecutionProvider
Input dtype: float32

Chargement du dataset COCO128...
[Dataset] coco128/train2017 (equite multi-hardware)
[Dataset] Chemin images: /home/nathan/Documents/education/master_2/cours/deep_learning_for_image/TP6/datasets/coco128/images/train2017
[Dataset] Chemin labels: /home/nathan/Documents/education/master_2/cours/deep_learning_for_image/TP6/datasets/coco128/labels/train2017
[Dataset] Images trouvees: 128 (attendu: 128)
Warmup (10 frames)...

Inference...
  [Sanity-check] Output shape: (1, 84, 1344), min=0.0000, max=350.6774
  20/128 images...
  40/128 images...
  60/128 images...
  80/128 images...
  100/128 images...
  120/128 images...

Calcul des metriques...

----------------------------------------
RESULTATS GPU (ONNX Runtime)
----------------------------------------
Taille modele       : 36.12 MB
ImgSz               : 256
Temps E2E moyen     : 3.60 ms
  Preprocess        : 0.19 ms
  Inference         : 2.45 ms
  Postprocess       : 0.96 ms
Latence p50/p90/p99 : 3.40 / 4.48 / 6.79 ms
FPS                 : 278.0
mAP50               : 0.5942
Precision           : 0.7651
Recall              : 0.4489
F1-Score            : 0.5658

Resultats sauvegardes dans: /home/nathan/Documents/GitHub/3d_edge_object_detection/benchmark_results.csv
CMD: /home/nathan/miniconda3/envs/oak/bin/python /home/nathan/Documents/GitHub/3d_edge_object_detection/scripts/benchmark.py --target 4070 --backend ort --model /home/nathan/Documents/GitHub/3d_edge_object_detection/models/variants/yolo11s_256_fp32.onnx --dataset coco128 --num-classes 80 --ort-opt-level disable
================================================================================

================================================================================
RETURN_CODE: 0
