[0;93m2025-12-30 16:42:31.102431845 [W:onnxruntime:, transformer_memcpy.cc:111 ApplyImpl] 87 Memcpy nodes are added to the graph main_graph for CUDAExecutionProvider. It might have negative impact on performance (including unable to run CUDA graph). Set session_options.log_severity_level=1 to see the detail logs before this message.[m
============================================================
BENCHMARK GPU - ONNX Runtime (meme postprocess que OAK)
============================================================
Modele: /home/nathan/Documents/GitHub/3d_edge_object_detection/models/transformed/yolo11n_640_fp32_int8_qdq.onnx
Taille: 3.14 MB
ImgSz: 640
ORT Opt Level: ALL
Provider: CUDAExecutionProvider
Input dtype: float32

Chargement du dataset COCO128...
[Dataset] coco128/train2017 (equite multi-hardware)
[Dataset] Chemin images: /home/nathan/Documents/education/master_2/cours/deep_learning_for_image/TP6/datasets/coco128/images/train2017
[Dataset] Chemin labels: /home/nathan/Documents/education/master_2/cours/deep_learning_for_image/TP6/datasets/coco128/labels/train2017
[Dataset] Images trouvees: 128 (attendu: 128)
Warmup (10 frames)...

Inference...
  [Sanity-check] Output shape: (1, 84, 8400), min=0.0000, max=639.6335
  20/128 images...
  40/128 images...
  60/128 images...
  80/128 images...
  100/128 images...
  120/128 images...

Calcul des metriques...

----------------------------------------
RESULTATS GPU (ONNX Runtime)
----------------------------------------
Taille modele       : 3.14 MB
ImgSz               : 640
Temps E2E moyen     : 8.70 ms
  Preprocess        : 0.86 ms
  Inference         : 7.11 ms
  Postprocess       : 0.73 ms
Latence p50/p90/p99 : 8.33 / 10.28 / 11.80 ms
FPS                 : 114.9
mAP50               : 0.0000
Precision           : 0.0000
Recall              : 0.0000
F1-Score            : 0.0000

Resultats sauvegardes dans: /home/nathan/Documents/GitHub/3d_edge_object_detection/benchmark_results.csv
CMD: /home/nathan/miniconda3/envs/oak/bin/python /home/nathan/Documents/GitHub/3d_edge_object_detection/scripts/benchmark.py --target 4070 --backend ort --model /home/nathan/Documents/GitHub/3d_edge_object_detection/models/transformed/yolo11n_640_fp32_int8_qdq.onnx --dataset coco128 --num-classes 80 --ort-opt-level all
================================================================================

================================================================================
RETURN_CODE: 0
